-------------------------------------------------------------------------------
Test set: As a user ,I should be see home page
-------------------------------------------------------------------------------
Tests run: 4, Failures: 1, Errors: 0, Skipped: 0, Time elapsed: 30.945 s <<< FAILURE! - in As a user ,I should be see home page
As a user ,I should be see home page.user login verification #4  Time elapsed: 6.464 s  <<< FAILURE!
org.junit.ComparisonFailure: expected:<Dash[B]oard> but was:<Dash[b]oard>

